<?xml version="1.0" encoding="UTF-8"?>
<testsuites>
  <testsuite name="Tests\Feature\ExampleTest" file="/Users/nikkyamresh/files/lr/lp/tests/Feature/ExampleTest.php" tests="2" assertions="4" errors="0" warnings="0" failures="1" skipped="0" time="0.253815">
    <testcase name="test_example" class="Tests\Feature\ExampleTest" classname="Tests.Feature.ExampleTest" file="/Users/nikkyamresh/files/lr/lp/tests/Feature/ExampleTest.php" line="14" assertions="1" time="0.205167"/>
    <testcase name="test_example2" class="Tests\Feature\ExampleTest" classname="Tests.Feature.ExampleTest" file="/Users/nikkyamresh/files/lr/lp/tests/Feature/ExampleTest.php" line="21" assertions="3" time="0.048649">
      <failure type="PHPUnit\Framework\ExpectationFailedException">Tests\Feature\ExampleTest::test_example2
Failed asserting that '&lt;!DOCTYPE html&gt;\n
&lt;html lang="en"&gt;\n
\n
&lt;head&gt;\n
    &lt;meta charset="UTF-8"&gt;\n
    &lt;meta http-equiv="X-UA-Compatible" content="IE=edge"&gt;\n
    &lt;meta name="viewport" content="width=device-width, initial-scale=1.0"&gt;\n
    &lt;title&gt;Post&lt;/title&gt;\n
&lt;/head&gt;\n
\n
&lt;body&gt;\n
    &lt;/body&gt;\n
\n
&lt;/html&gt;' contains "post 1".

/Users/nikkyamresh/files/lr/lp/vendor/laravel/framework/src/Illuminate/Testing/TestResponse.php:581
/Users/nikkyamresh/files/lr/lp/tests/Feature/ExampleTest.php:26
phpvfscomposer:///Users/nikkyamresh/files/lr/lp/vendor/phpunit/phpunit/phpunit:97</failure>
    </testcase>
  </testsuite>
</testsuites>
